[1203/235140.960:WARNING:spdy_session.cc(3097)] Received HEADERS for invalid stream 9
[1203/235143.424:WARNING:spdy_session.cc(3097)] Received HEADERS for invalid stream 3
[1203/235150.747:ERROR:broker_win.cc(137)] Error sending sync broker message: Boru kapatýlýyor. (0xE8)
[1203/235150.765:ERROR:broker_win.cc(137)] Error sending sync broker message: Boru kapatýlýyor. (0xE8)
[1203/235150.765:ERROR:command_buffer_proxy_impl.cc(101)] ContextResult::kFatalFailure: AllocateAndMapSharedMemory failed
[1203/235343.309:ERROR:broker_win.cc(137)] Error sending sync broker message: Boru kapatýlýyor. (0xE8)
[1203/235343.325:ERROR:broker_win.cc(137)] Error sending sync broker message: Boru kapatýlýyor. (0xE8)
[1203/235803.969:INFO:CONSOLE(19)] "Synchronous XMLHttpRequest on the main thread is deprecated because of its detrimental effects to the end user's experience. For more help, check https://xhr.spec.whatwg.org/.", source: http://www.tasavvufdunyasi.net/js/jquery.js (19)
[1203/235805.967:INFO:CONSOLE(19)] "Synchronous XMLHttpRequest on the main thread is deprecated because of its detrimental effects to the end user's experience. For more help, check https://xhr.spec.whatwg.org/.", source: http://www.tasavvufdunyasi.net/js/jquery.js (19)
[1203/235808.948:INFO:CONSOLE(19)] "Synchronous XMLHttpRequest on the main thread is deprecated because of its detrimental effects to the end user's experience. For more help, check https://xhr.spec.whatwg.org/.", source: http://www.tasavvufdunyasi.net/js/jquery.js (19)
[1203/235811.938:INFO:CONSOLE(19)] "Synchronous XMLHttpRequest on the main thread is deprecated because of its detrimental effects to the end user's experience. For more help, check https://xhr.spec.whatwg.org/.", source: http://www.tasavvufdunyasi.net/js/jquery.js (19)
[1203/235815.049:INFO:CONSOLE(19)] "Synchronous XMLHttpRequest on the main thread is deprecated because of its detrimental effects to the end user's experience. For more help, check https://xhr.spec.whatwg.org/.", source: http://www.tasavvufdunyasi.net/js/jquery.js (19)
[1204/000056.190:INFO:CONSOLE(19)] "Synchronous XMLHttpRequest on the main thread is deprecated because of its detrimental effects to the end user's experience. For more help, check https://xhr.spec.whatwg.org/.", source: http://www.tasavvufdunyasi.net/js/jquery.js (19)
[1204/000058.539:INFO:CONSOLE(19)] "Synchronous XMLHttpRequest on the main thread is deprecated because of its detrimental effects to the end user's experience. For more help, check https://xhr.spec.whatwg.org/.", source: http://www.tasavvufdunyasi.net/js/jquery.js (19)
[1204/000101.502:INFO:CONSOLE(19)] "Synchronous XMLHttpRequest on the main thread is deprecated because of its detrimental effects to the end user's experience. For more help, check https://xhr.spec.whatwg.org/.", source: http://www.tasavvufdunyasi.net/js/jquery.js (19)
[1204/000104.538:INFO:CONSOLE(19)] "Synchronous XMLHttpRequest on the main thread is deprecated because of its detrimental effects to the end user's experience. For more help, check https://xhr.spec.whatwg.org/.", source: http://www.tasavvufdunyasi.net/js/jquery.js (19)
[1204/000107.485:INFO:CONSOLE(19)] "Synchronous XMLHttpRequest on the main thread is deprecated because of its detrimental effects to the end user's experience. For more help, check https://xhr.spec.whatwg.org/.", source: http://www.tasavvufdunyasi.net/js/jquery.js (19)
[1204/000110.579:INFO:CONSOLE(19)] "Synchronous XMLHttpRequest on the main thread is deprecated because of its detrimental effects to the end user's experience. For more help, check https://xhr.spec.whatwg.org/.", source: http://www.tasavvufdunyasi.net/js/jquery.js (19)
[1204/000113.509:INFO:CONSOLE(19)] "Synchronous XMLHttpRequest on the main thread is deprecated because of its detrimental effects to the end user's experience. For more help, check https://xhr.spec.whatwg.org/.", source: http://www.tasavvufdunyasi.net/js/jquery.js (19)
[1204/000116.503:INFO:CONSOLE(19)] "Synchronous XMLHttpRequest on the main thread is deprecated because of its detrimental effects to the end user's experience. For more help, check https://xhr.spec.whatwg.org/.", source: http://www.tasavvufdunyasi.net/js/jquery.js (19)
[1204/000119.496:INFO:CONSOLE(19)] "Synchronous XMLHttpRequest on the main thread is deprecated because of its detrimental effects to the end user's experience. For more help, check https://xhr.spec.whatwg.org/.", source: http://www.tasavvufdunyasi.net/js/jquery.js (19)
[1204/000122.556:INFO:CONSOLE(19)] "Synchronous XMLHttpRequest on the main thread is deprecated because of its detrimental effects to the end user's experience. For more help, check https://xhr.spec.whatwg.org/.", source: http://www.tasavvufdunyasi.net/js/jquery.js (19)
[1204/000125.526:INFO:CONSOLE(19)] "Synchronous XMLHttpRequest on the main thread is deprecated because of its detrimental effects to the end user's experience. For more help, check https://xhr.spec.whatwg.org/.", source: http://www.tasavvufdunyasi.net/js/jquery.js (19)
[1204/000128.628:INFO:CONSOLE(19)] "Synchronous XMLHttpRequest on the main thread is deprecated because of its detrimental effects to the end user's experience. For more help, check https://xhr.spec.whatwg.org/.", source: http://www.tasavvufdunyasi.net/js/jquery.js (19)
[1204/000131.465:INFO:CONSOLE(19)] "Synchronous XMLHttpRequest on the main thread is deprecated because of its detrimental effects to the end user's experience. For more help, check https://xhr.spec.whatwg.org/.", source: http://www.tasavvufdunyasi.net/js/jquery.js (19)
[1204/000134.653:INFO:CONSOLE(19)] "Synchronous XMLHttpRequest on the main thread is deprecated because of its detrimental effects to the end user's experience. For more help, check https://xhr.spec.whatwg.org/.", source: http://www.tasavvufdunyasi.net/js/jquery.js (19)
[1204/000137.477:INFO:CONSOLE(19)] "Synchronous XMLHttpRequest on the main thread is deprecated because of its detrimental effects to the end user's experience. For more help, check https://xhr.spec.whatwg.org/.", source: http://www.tasavvufdunyasi.net/js/jquery.js (19)
[1204/000140.498:INFO:CONSOLE(19)] "Synchronous XMLHttpRequest on the main thread is deprecated because of its detrimental effects to the end user's experience. For more help, check https://xhr.spec.whatwg.org/.", source: http://www.tasavvufdunyasi.net/js/jquery.js (19)
[1204/000143.501:INFO:CONSOLE(19)] "Synchronous XMLHttpRequest on the main thread is deprecated because of its detrimental effects to the end user's experience. For more help, check https://xhr.spec.whatwg.org/.", source: http://www.tasavvufdunyasi.net/js/jquery.js (19)
[1204/000146.611:INFO:CONSOLE(19)] "Synchronous XMLHttpRequest on the main thread is deprecated because of its detrimental effects to the end user's experience. For more help, check https://xhr.spec.whatwg.org/.", source: http://www.tasavvufdunyasi.net/js/jquery.js (19)
[1204/000149.469:INFO:CONSOLE(19)] "Synchronous XMLHttpRequest on the main thread is deprecated because of its detrimental effects to the end user's experience. For more help, check https://xhr.spec.whatwg.org/.", source: http://www.tasavvufdunyasi.net/js/jquery.js (19)
[1204/000152.554:INFO:CONSOLE(19)] "Synchronous XMLHttpRequest on the main thread is deprecated because of its detrimental effects to the end user's experience. For more help, check https://xhr.spec.whatwg.org/.", source: http://www.tasavvufdunyasi.net/js/jquery.js (19)
[1204/000155.459:INFO:CONSOLE(19)] "Synchronous XMLHttpRequest on the main thread is deprecated because of its detrimental effects to the end user's experience. For more help, check https://xhr.spec.whatwg.org/.", source: http://www.tasavvufdunyasi.net/js/jquery.js (19)
[1204/000158.602:INFO:CONSOLE(19)] "Synchronous XMLHttpRequest on the main thread is deprecated because of its detrimental effects to the end user's experience. For more help, check https://xhr.spec.whatwg.org/.", source: http://www.tasavvufdunyasi.net/js/jquery.js (19)
[1204/000201.481:INFO:CONSOLE(19)] "Synchronous XMLHttpRequest on the main thread is deprecated because of its detrimental effects to the end user's experience. For more help, check https://xhr.spec.whatwg.org/.", source: http://www.tasavvufdunyasi.net/js/jquery.js (19)
[1204/000204.647:INFO:CONSOLE(19)] "Synchronous XMLHttpRequest on the main thread is deprecated because of its detrimental effects to the end user's experience. For more help, check https://xhr.spec.whatwg.org/.", source: http://www.tasavvufdunyasi.net/js/jquery.js (19)
[1204/000207.750:INFO:CONSOLE(19)] "Synchronous XMLHttpRequest on the main thread is deprecated because of its detrimental effects to the end user's experience. For more help, check https://xhr.spec.whatwg.org/.", source: http://www.tasavvufdunyasi.net/js/jquery.js (19)
[1204/000210.593:INFO:CONSOLE(19)] "Synchronous XMLHttpRequest on the main thread is deprecated because of its detrimental effects to the end user's experience. For more help, check https://xhr.spec.whatwg.org/.", source: http://www.tasavvufdunyasi.net/js/jquery.js (19)
[1204/000213.718:INFO:CONSOLE(19)] "Synchronous XMLHttpRequest on the main thread is deprecated because of its detrimental effects to the end user's experience. For more help, check https://xhr.spec.whatwg.org/.", source: http://www.tasavvufdunyasi.net/js/jquery.js (19)
[1204/000216.944:INFO:CONSOLE(19)] "Synchronous XMLHttpRequest on the main thread is deprecated because of its detrimental effects to the end user's experience. For more help, check https://xhr.spec.whatwg.org/.", source: http://www.tasavvufdunyasi.net/js/jquery.js (19)
[1204/000219.805:INFO:CONSOLE(19)] "Synchronous XMLHttpRequest on the main thread is deprecated because of its detrimental effects to the end user's experience. For more help, check https://xhr.spec.whatwg.org/.", source: http://www.tasavvufdunyasi.net/js/jquery.js (19)
[1204/000222.477:INFO:CONSOLE(19)] "Synchronous XMLHttpRequest on the main thread is deprecated because of its detrimental effects to the end user's experience. For more help, check https://xhr.spec.whatwg.org/.", source: http://www.tasavvufdunyasi.net/js/jquery.js (19)
[1204/000225.710:INFO:CONSOLE(19)] "Synchronous XMLHttpRequest on the main thread is deprecated because of its detrimental effects to the end user's experience. For more help, check https://xhr.spec.whatwg.org/.", source: http://www.tasavvufdunyasi.net/js/jquery.js (19)
[1204/000228.860:INFO:CONSOLE(19)] "Synchronous XMLHttpRequest on the main thread is deprecated because of its detrimental effects to the end user's experience. For more help, check https://xhr.spec.whatwg.org/.", source: http://www.tasavvufdunyasi.net/js/jquery.js (19)
[1204/000231.552:INFO:CONSOLE(19)] "Synchronous XMLHttpRequest on the main thread is deprecated because of its detrimental effects to the end user's experience. For more help, check https://xhr.spec.whatwg.org/.", source: http://www.tasavvufdunyasi.net/js/jquery.js (19)
[1204/000235.072:INFO:CONSOLE(19)] "Synchronous XMLHttpRequest on the main thread is deprecated because of its detrimental effects to the end user's experience. For more help, check https://xhr.spec.whatwg.org/.", source: http://www.tasavvufdunyasi.net/js/jquery.js (19)
[1204/000237.485:INFO:CONSOLE(19)] "Synchronous XMLHttpRequest on the main thread is deprecated because of its detrimental effects to the end user's experience. For more help, check https://xhr.spec.whatwg.org/.", source: http://www.tasavvufdunyasi.net/js/jquery.js (19)
[1204/000240.555:INFO:CONSOLE(19)] "Synchronous XMLHttpRequest on the main thread is deprecated because of its detrimental effects to the end user's experience. For more help, check https://xhr.spec.whatwg.org/.", source: http://www.tasavvufdunyasi.net/js/jquery.js (19)
[1204/000243.539:INFO:CONSOLE(19)] "Synchronous XMLHttpRequest on the main thread is deprecated because of its detrimental effects to the end user's experience. For more help, check https://xhr.spec.whatwg.org/.", source: http://www.tasavvufdunyasi.net/js/jquery.js (19)
[1204/000246.725:INFO:CONSOLE(19)] "Synchronous XMLHttpRequest on the main thread is deprecated because of its detrimental effects to the end user's experience. For more help, check https://xhr.spec.whatwg.org/.", source: http://www.tasavvufdunyasi.net/js/jquery.js (19)
[1204/000249.472:INFO:CONSOLE(19)] "Synchronous XMLHttpRequest on the main thread is deprecated because of its detrimental effects to the end user's experience. For more help, check https://xhr.spec.whatwg.org/.", source: http://www.tasavvufdunyasi.net/js/jquery.js (19)
[1204/000252.829:INFO:CONSOLE(19)] "Synchronous XMLHttpRequest on the main thread is deprecated because of its detrimental effects to the end user's experience. For more help, check https://xhr.spec.whatwg.org/.", source: http://www.tasavvufdunyasi.net/js/jquery.js (19)
[1204/000255.463:INFO:CONSOLE(19)] "Synchronous XMLHttpRequest on the main thread is deprecated because of its detrimental effects to the end user's experience. For more help, check https://xhr.spec.whatwg.org/.", source: http://www.tasavvufdunyasi.net/js/jquery.js (19)
[1204/000258.492:INFO:CONSOLE(19)] "Synchronous XMLHttpRequest on the main thread is deprecated because of its detrimental effects to the end user's experience. For more help, check https://xhr.spec.whatwg.org/.", source: http://www.tasavvufdunyasi.net/js/jquery.js (19)
[1204/000301.489:INFO:CONSOLE(19)] "Synchronous XMLHttpRequest on the main thread is deprecated because of its detrimental effects to the end user's experience. For more help, check https://xhr.spec.whatwg.org/.", source: http://www.tasavvufdunyasi.net/js/jquery.js (19)
[1204/000304.495:INFO:CONSOLE(19)] "Synchronous XMLHttpRequest on the main thread is deprecated because of its detrimental effects to the end user's experience. For more help, check https://xhr.spec.whatwg.org/.", source: http://www.tasavvufdunyasi.net/js/jquery.js (19)
[1204/000307.663:INFO:CONSOLE(19)] "Synchronous XMLHttpRequest on the main thread is deprecated because of its detrimental effects to the end user's experience. For more help, check https://xhr.spec.whatwg.org/.", source: http://www.tasavvufdunyasi.net/js/jquery.js (19)
[1204/000310.456:INFO:CONSOLE(19)] "Synchronous XMLHttpRequest on the main thread is deprecated because of its detrimental effects to the end user's experience. For more help, check https://xhr.spec.whatwg.org/.", source: http://www.tasavvufdunyasi.net/js/jquery.js (19)
[1204/000313.493:INFO:CONSOLE(19)] "Synchronous XMLHttpRequest on the main thread is deprecated because of its detrimental effects to the end user's experience. For more help, check https://xhr.spec.whatwg.org/.", source: http://www.tasavvufdunyasi.net/js/jquery.js (19)
[1204/000316.474:INFO:CONSOLE(19)] "Synchronous XMLHttpRequest on the main thread is deprecated because of its detrimental effects to the end user's experience. For more help, check https://xhr.spec.whatwg.org/.", source: http://www.tasavvufdunyasi.net/js/jquery.js (19)
[1204/000319.477:INFO:CONSOLE(19)] "Synchronous XMLHttpRequest on the main thread is deprecated because of its detrimental effects to the end user's experience. For more help, check https://xhr.spec.whatwg.org/.", source: http://www.tasavvufdunyasi.net/js/jquery.js (19)
[1204/000322.457:INFO:CONSOLE(19)] "Synchronous XMLHttpRequest on the main thread is deprecated because of its detrimental effects to the end user's experience. For more help, check https://xhr.spec.whatwg.org/.", source: http://www.tasavvufdunyasi.net/js/jquery.js (19)
[1204/000328.440:INFO:CONSOLE(1)] "Uncaught TypeError: Cannot set property 'value' of null", source: about:blank (1)
[1204/000328.452:INFO:CONSOLE(1)] "Uncaught TypeError: Cannot set property 'value' of null", source: about:blank (1)
[1204/000328.452:INFO:CONSOLE(1)] "Uncaught TypeError: Cannot read property 'click' of null", source: about:blank (1)
[1204/001433.344:INFO:CONSOLE(36)] "Uncaught ReferenceError: $ is not defined", source: https://www.iiuedu.in/iiu-admin.php (36)
[1204/001433.685:INFO:CONSOLE(1)] "Uncaught TypeError: document.getElementsByClassName(...).click is not a function", source: about:blank (1)
[1204/001433.772:INFO:CONSOLE(36)] "Uncaught ReferenceError: $ is not defined", source: https://www.iiuedu.in/iiu-admin.php (36)
[1204/001433.807:INFO:CONSOLE(1)] "Uncaught TypeError: document.getElementsByClassName(...).click is not a function", source: about:blank (1)
[1204/001437.073:INFO:CONSOLE(36)] "Uncaught ReferenceError: $ is not defined", source: https://www.iiuedu.in/iiu-admin.php (36)
[1204/001437.112:INFO:CONSOLE(1)] "Uncaught TypeError: document.getElementsByClassName(...).click is not a function", source: about:blank (1)
[1204/001440.104:INFO:CONSOLE(36)] "Uncaught ReferenceError: $ is not defined", source: https://www.iiuedu.in/iiu-admin.php (36)
[1204/001440.139:INFO:CONSOLE(1)] "Uncaught TypeError: document.getElementsByClassName(...).click is not a function", source: about:blank (1)
[1204/001443.116:INFO:CONSOLE(36)] "Uncaught ReferenceError: $ is not defined", source: https://www.iiuedu.in/iiu-admin.php (36)
[1204/001443.159:INFO:CONSOLE(1)] "Uncaught TypeError: document.getElementsByClassName(...).click is not a function", source: about:blank (1)
[1204/001446.116:INFO:CONSOLE(36)] "Uncaught ReferenceError: $ is not defined", source: https://www.iiuedu.in/iiu-admin.php (36)
[1204/001446.150:INFO:CONSOLE(1)] "Uncaught TypeError: document.getElementsByClassName(...).click is not a function", source: about:blank (1)
[1204/001449.136:INFO:CONSOLE(36)] "Uncaught ReferenceError: $ is not defined", source: https://www.iiuedu.in/iiu-admin.php (36)
[1204/001449.178:INFO:CONSOLE(1)] "Uncaught TypeError: document.getElementsByClassName(...).click is not a function", source: about:blank (1)
[1204/001452.129:INFO:CONSOLE(36)] "Uncaught ReferenceError: $ is not defined", source: https://www.iiuedu.in/iiu-admin.php (36)
[1204/001452.165:INFO:CONSOLE(1)] "Uncaught TypeError: document.getElementsByClassName(...).click is not a function", source: about:blank (1)
[1204/001455.130:INFO:CONSOLE(36)] "Uncaught ReferenceError: $ is not defined", source: https://www.iiuedu.in/iiu-admin.php (36)
[1204/001455.163:INFO:CONSOLE(1)] "Uncaught TypeError: document.getElementsByClassName(...).click is not a function", source: about:blank (1)
[1204/001458.136:INFO:CONSOLE(36)] "Uncaught ReferenceError: $ is not defined", source: https://www.iiuedu.in/iiu-admin.php (36)
[1204/001458.174:INFO:CONSOLE(1)] "Uncaught TypeError: document.getElementsByClassName(...).click is not a function", source: about:blank (1)
[1204/001500.934:INFO:CONSOLE(36)] "Uncaught ReferenceError: $ is not defined", source: https://www.iiuedu.in/iiu-admin.php (36)
[1204/001500.980:INFO:CONSOLE(1)] "Uncaught TypeError: document.getElementsByClassName(...).click is not a function", source: about:blank (1)
[1204/001501.379:WARNING:spdy_session.cc(3097)] Received HEADERS for invalid stream 3
[1204/001501.553:WARNING:spdy_session.cc(3097)] Received HEADERS for invalid stream 5
[1204/001501.737:WARNING:spdy_session.cc(3097)] Received HEADERS for invalid stream 7
[1204/001501.920:WARNING:spdy_session.cc(3097)] Received HEADERS for invalid stream 9
[1204/001502.169:WARNING:spdy_session.cc(3097)] Received HEADERS for invalid stream 11
[1204/001502.290:WARNING:spdy_session.cc(3097)] Received HEADERS for invalid stream 13
[1204/001502.456:WARNING:spdy_session.cc(3097)] Received HEADERS for invalid stream 15
[1204/001502.617:WARNING:spdy_session.cc(3097)] Received HEADERS for invalid stream 17
[1204/001502.821:WARNING:spdy_session.cc(3097)] Received HEADERS for invalid stream 19
[1204/001502.999:WARNING:spdy_session.cc(3097)] Received HEADERS for invalid stream 21
[1204/001503.203:INFO:CONSOLE(36)] "Uncaught ReferenceError: $ is not defined", source: https://www.iiuedu.in/iiu-admin.php (36)
[1204/001503.242:INFO:CONSOLE(1)] "Uncaught TypeError: document.getElementsByClassName(...).click is not a function", source: about:blank (1)
[1204/001503.689:INFO:CONSOLE(36)] "Uncaught ReferenceError: $ is not defined", source: https://www.iiuedu.in/iiu-admin.php (36)
[1204/001503.726:INFO:CONSOLE(1)] "Uncaught TypeError: document.getElementsByClassName(...).click is not a function", source: about:blank (1)
[1204/001722.173:WARNING:spdy_session.cc(2829)] Received RST for invalid stream13
[1204/001723.361:WARNING:spdy_session.cc(2829)] Received RST for invalid stream15
[1204/001724.006:WARNING:spdy_session.cc(2829)] Received RST for invalid stream9
[1204/001724.006:WARNING:spdy_session.cc(2829)] Received RST for invalid stream7
[1204/001724.672:INFO:CONSOLE(36)] "Uncaught ReferenceError: $ is not defined", source: https://www.iiuedu.in/iiu-admin.php (36)
[1204/001724.672:INFO:CONSOLE(1)] "Uncaught TypeError: Cannot set property 'value' of null", source: about:blank (1)
[1204/001724.673:INFO:CONSOLE(1)] "Uncaught TypeError: Cannot set property 'value' of null", source: about:blank (1)
[1204/001724.673:INFO:CONSOLE(1)] "Uncaught TypeError: document.getElementsByTagName(...).click is not a function", source: about:blank (1)
[1204/001725.500:INFO:CONSOLE(1)] "Uncaught TypeError: Cannot set property 'value' of null", source: about:blank (1)
[1204/001725.502:INFO:CONSOLE(1)] "Uncaught TypeError: Cannot set property 'value' of null", source: about:blank (1)
[1204/001725.502:INFO:CONSOLE(1)] "Uncaught TypeError: document.getElementsByTagName(...).click is not a function", source: about:blank (1)
[1204/001725.502:INFO:CONSOLE(36)] "Uncaught ReferenceError: $ is not defined", source: https://www.iiuedu.in/iiu-admin.php (36)
[1204/001725.576:INFO:CONSOLE(1)] "Uncaught TypeError: document.getElementsByTagName(...).click is not a function", source: about:blank (1)
[1204/002315.347:INFO:CONSOLE(1)] "Uncaught TypeError: document.getElementsByClassName(...).click is not a function", source: about:blank (1)
[1204/002316.535:INFO:CONSOLE(1)] "Uncaught TypeError: document.getElementsByClassName(...).click is not a function", source: about:blank (1)
[1204/002324.799:INFO:CONSOLE(1)] "Uncaught TypeError: document.getElementsByClassName(...).click is not a function", source: about:blank (1)
[1204/002325.271:INFO:CONSOLE(1)] "Uncaught TypeError: document.getElementsByClassName(...).click is not a function", source: about:blank (1)
[1204/002329.829:INFO:CONSOLE(1)] "Uncaught TypeError: document.getElementsByClassName(...).click is not a function", source: about:blank (1)
[1204/002331.381:INFO:CONSOLE(1)] "Uncaught TypeError: document.getElementsByClassName(...).click is not a function", source: about:blank (1)
[1204/002537.077:INFO:CONSOLE(1)] "Uncaught TypeError: document.getElementsByClassName(...).click is not a function", source: about:blank (1)
[1204/002541.928:INFO:CONSOLE(1)] "Uncaught TypeError: document.getElementsByClassName(...).click is not a function", source: about:blank (1)
[1204/002614.917:INFO:CONSOLE(1)] "Uncaught TypeError: document.getElementsByClassName(...).click is not a function", source: about:blank (1)
[1204/002619.532:INFO:CONSOLE(1)] "Uncaught TypeError: document.getElementsByClassName(...).click is not a function", source: about:blank (1)
[1204/105956.119:INFO:CONSOLE(1)] "Uncaught TypeError: Cannot set property 'value' of null", source: about:blank (1)
[1204/105956.137:INFO:CONSOLE(1)] "Uncaught TypeError: Cannot set property 'value' of null", source: about:blank (1)
[1204/105956.138:INFO:CONSOLE(1)] "Uncaught TypeError: Cannot read property 'click' of null", source: about:blank (1)
[1204/105956.667:INFO:CONSOLE(19)] "Synchronous XMLHttpRequest on the main thread is deprecated because of its detrimental effects to the end user's experience. For more help, check https://xhr.spec.whatwg.org/.", source: http://www.tasavvufdunyasi.net/js/jquery.js (19)
[1204/105958.567:INFO:CONSOLE(19)] "Synchronous XMLHttpRequest on the main thread is deprecated because of its detrimental effects to the end user's experience. For more help, check https://xhr.spec.whatwg.org/.", source: http://www.tasavvufdunyasi.net/js/jquery.js (19)
[1204/110001.570:INFO:CONSOLE(19)] "Synchronous XMLHttpRequest on the main thread is deprecated because of its detrimental effects to the end user's experience. For more help, check https://xhr.spec.whatwg.org/.", source: http://www.tasavvufdunyasi.net/js/jquery.js (19)
[1204/110005.105:INFO:CONSOLE(19)] "Synchronous XMLHttpRequest on the main thread is deprecated because of its detrimental effects to the end user's experience. For more help, check https://xhr.spec.whatwg.org/.", source: http://www.tasavvufdunyasi.net/js/jquery.js (19)
[1204/110007.508:INFO:CONSOLE(19)] "Synchronous XMLHttpRequest on the main thread is deprecated because of its detrimental effects to the end user's experience. For more help, check https://xhr.spec.whatwg.org/.", source: http://www.tasavvufdunyasi.net/js/jquery.js (19)
[1204/110010.621:INFO:CONSOLE(19)] "Synchronous XMLHttpRequest on the main thread is deprecated because of its detrimental effects to the end user's experience. For more help, check https://xhr.spec.whatwg.org/.", source: http://www.tasavvufdunyasi.net/js/jquery.js (19)
[1204/110013.535:INFO:CONSOLE(19)] "Synchronous XMLHttpRequest on the main thread is deprecated because of its detrimental effects to the end user's experience. For more help, check https://xhr.spec.whatwg.org/.", source: http://www.tasavvufdunyasi.net/js/jquery.js (19)
[1204/110016.606:INFO:CONSOLE(19)] "Synchronous XMLHttpRequest on the main thread is deprecated because of its detrimental effects to the end user's experience. For more help, check https://xhr.spec.whatwg.org/.", source: http://www.tasavvufdunyasi.net/js/jquery.js (19)
[1204/110019.536:INFO:CONSOLE(19)] "Synchronous XMLHttpRequest on the main thread is deprecated because of its detrimental effects to the end user's experience. For more help, check https://xhr.spec.whatwg.org/.", source: http://www.tasavvufdunyasi.net/js/jquery.js (19)
[1204/110022.532:INFO:CONSOLE(19)] "Synchronous XMLHttpRequest on the main thread is deprecated because of its detrimental effects to the end user's experience. For more help, check https://xhr.spec.whatwg.org/.", source: http://www.tasavvufdunyasi.net/js/jquery.js (19)
